{"/Users/victorferreira/exercism/javascript/leap/leap.spec.js":{"path":"/Users/victorferreira/exercism/javascript/leap/leap.spec.js","s":{"1":1,"2":1,"3":1,"4":1,"5":1,"6":1,"7":1,"8":1,"9":1,"10":1,"11":1,"12":1,"13":1,"14":1,"15":1,"16":1,"17":1,"18":1,"19":1,"20":1,"21":1,"22":1,"23":1,"24":1,"25":1,"26":1,"27":1},"b":{},"f":{"1":1,"2":1,"3":1,"4":1,"5":1,"6":1,"7":1,"8":1,"9":1,"10":1},"fnMap":{"1":{"name":"(anonymous_1)","line":3,"loc":{"start":{"line":3,"column":22},"end":{"line":3,"column":33}}},"2":{"name":"(anonymous_2)","line":5,"loc":{"start":{"line":5,"column":27},"end":{"line":5,"column":38}}},"3":{"name":"(anonymous_3)","line":10,"loc":{"start":{"line":10,"column":58},"end":{"line":10,"column":69}}},"4":{"name":"(anonymous_4)","line":15,"loc":{"start":{"line":15,"column":58},"end":{"line":15,"column":69}}},"5":{"name":"(anonymous_5)","line":20,"loc":{"start":{"line":20,"column":62},"end":{"line":20,"column":73}}},"6":{"name":"(anonymous_6)","line":26,"loc":{"start":{"line":26,"column":53},"end":{"line":26,"column":65}}},"7":{"name":"(anonymous_7)","line":28,"loc":{"start":{"line":28,"column":29},"end":{"line":28,"column":41}}},"8":{"name":"(anonymous_8)","line":33,"loc":{"start":{"line":33,"column":32},"end":{"line":33,"column":44}}},"9":{"name":"(anonymous_9)","line":38,"loc":{"start":{"line":38,"column":37},"end":{"line":38,"column":49}}},"10":{"name":"(anonymous_10)","line":43,"loc":{"start":{"line":43,"column":42},"end":{"line":43,"column":54}}}},"statementMap":{"1":{"start":{"line":1,"column":0},"end":{"line":1,"column":29}},"2":{"start":{"line":3,"column":0},"end":{"line":50,"column":3}},"3":{"start":{"line":5,"column":2},"end":{"line":8,"column":5}},"4":{"start":{"line":6,"column":4},"end":{"line":6,"column":30}},"5":{"start":{"line":7,"column":4},"end":{"line":7,"column":38}},"6":{"start":{"line":10,"column":2},"end":{"line":13,"column":5}},"7":{"start":{"line":11,"column":4},"end":{"line":11,"column":30}},"8":{"start":{"line":12,"column":4},"end":{"line":12,"column":37}},"9":{"start":{"line":15,"column":2},"end":{"line":18,"column":5}},"10":{"start":{"line":16,"column":4},"end":{"line":16,"column":30}},"11":{"start":{"line":17,"column":4},"end":{"line":17,"column":38}},"12":{"start":{"line":20,"column":2},"end":{"line":23,"column":5}},"13":{"start":{"line":21,"column":4},"end":{"line":21,"column":30}},"14":{"start":{"line":22,"column":4},"end":{"line":22,"column":37}},"15":{"start":{"line":26,"column":2},"end":{"line":48,"column":5}},"16":{"start":{"line":28,"column":4},"end":{"line":31,"column":7}},"17":{"start":{"line":29,"column":6},"end":{"line":29,"column":32}},"18":{"start":{"line":30,"column":6},"end":{"line":30,"column":40}},"19":{"start":{"line":33,"column":4},"end":{"line":36,"column":7}},"20":{"start":{"line":34,"column":6},"end":{"line":34,"column":32}},"21":{"start":{"line":35,"column":6},"end":{"line":35,"column":39}},"22":{"start":{"line":38,"column":4},"end":{"line":41,"column":7}},"23":{"start":{"line":39,"column":6},"end":{"line":39,"column":32}},"24":{"start":{"line":40,"column":6},"end":{"line":40,"column":40}},"25":{"start":{"line":43,"column":4},"end":{"line":46,"column":7}},"26":{"start":{"line":44,"column":6},"end":{"line":44,"column":32}},"27":{"start":{"line":45,"column":6},"end":{"line":45,"column":39}}},"branchMap":{}},"/Users/victorferreira/exercism/javascript/leap/leap.js":{"path":"/Users/victorferreira/exercism/javascript/leap/leap.js","s":{"1":1,"2":8,"3":1,"4":8,"5":4,"6":4,"7":1},"b":{"1":[4,4],"2":[8,6,6]},"f":{"1":8,"2":8},"fnMap":{"1":{"name":"(anonymous_1)","line":6,"loc":{"start":{"line":6,"column":11},"end":{"line":6,"column":27}}},"2":{"name":"(anonymous_2)","line":10,"loc":{"start":{"line":10,"column":24},"end":{"line":10,"column":35}}}},"statementMap":{"1":{"start":{"line":6,"column":0},"end":{"line":8,"column":2}},"2":{"start":{"line":7,"column":4},"end":{"line":7,"column":22}},"3":{"start":{"line":10,"column":0},"end":{"line":15,"column":2}},"4":{"start":{"line":11,"column":4},"end":{"line":12,"column":20}},"5":{"start":{"line":12,"column":8},"end":{"line":12,"column":20}},"6":{"start":{"line":14,"column":4},"end":{"line":14,"column":17}},"7":{"start":{"line":17,"column":0},"end":{"line":17,"column":22}}},"branchMap":{"1":{"line":11,"type":"if","locations":[{"start":{"line":11,"column":4},"end":{"line":11,"column":4}},{"start":{"line":11,"column":4},"end":{"line":11,"column":4}}]},"2":{"line":11,"type":"binary-expr","locations":[{"start":{"line":11,"column":7},"end":{"line":11,"column":26}},{"start":{"line":11,"column":30},"end":{"line":11,"column":50}},{"start":{"line":11,"column":54},"end":{"line":11,"column":75}}]}}}}