TN:
SF:/Users/victorferreira/exercism/javascript/leap/leap.spec.js
FN:3,(anonymous_1)
FN:5,(anonymous_2)
FN:10,(anonymous_3)
FN:15,(anonymous_4)
FN:20,(anonymous_5)
FN:26,(anonymous_6)
FN:28,(anonymous_7)
FN:33,(anonymous_8)
FN:38,(anonymous_9)
FN:43,(anonymous_10)
FNF:10
FNH:10
FNDA:1,(anonymous_1)
FNDA:1,(anonymous_2)
FNDA:1,(anonymous_3)
FNDA:1,(anonymous_4)
FNDA:1,(anonymous_5)
FNDA:1,(anonymous_6)
FNDA:1,(anonymous_7)
FNDA:1,(anonymous_8)
FNDA:1,(anonymous_9)
FNDA:1,(anonymous_10)
DA:1,1
DA:3,1
DA:5,1
DA:6,1
DA:7,1
DA:10,1
DA:11,1
DA:12,1
DA:15,1
DA:16,1
DA:17,1
DA:20,1
DA:21,1
DA:22,1
DA:26,1
DA:28,1
DA:29,1
DA:30,1
DA:33,1
DA:34,1
DA:35,1
DA:38,1
DA:39,1
DA:40,1
DA:43,1
DA:44,1
DA:45,1
LF:27
LH:27
BRF:0
BRH:0
end_of_record
TN:
SF:/Users/victorferreira/exercism/javascript/leap/leap.js
FN:6,(anonymous_1)
FN:10,(anonymous_2)
FNF:2
FNH:2
FNDA:8,(anonymous_1)
FNDA:8,(anonymous_2)
DA:6,1
DA:7,8
DA:10,1
DA:11,8
DA:12,4
DA:14,4
DA:17,1
LF:7
LH:7
BRDA:11,1,0,4
BRDA:11,1,1,4
BRDA:11,2,0,8
BRDA:11,2,1,6
BRDA:11,2,2,6
BRF:5
BRH:5
end_of_record
